2026-04-22 12:45:30,263 [WARNING] extractor - pdfplumber non disponible
2026-04-22 12:45:34,773 [WARNING] extractor - transformers/torch non disponibles
2026-04-22 12:46:10,703 [WARNING] __main__ - pdfplumber non disponible
2026-04-22 12:46:10,704 [WARNING] __main__ - pdf2image non disponible
2026-04-22 12:46:10,704 [WARNING] __main__ - pytesseract/Pillow non disponibles
2026-04-22 12:47:01,711 [WARNING] __main__ - openpyxl non disponible
2026-04-22 12:51:51,516 [WARNING] extractor - pdfplumber non disponible
2026-04-22 12:51:51,516 [WARNING] extractor - pdf2image non disponible
2026-04-22 12:51:51,517 [WARNING] extractor - pytesseract/Pillow non disponibles
2026-04-22 12:52:04,283 [WARNING] extractor - openpyxl non disponible
2026-04-22 12:58:44,202 [WARNING] extractor - pdfplumber non disponible
2026-04-22 12:58:48,363 [WARNING] extractor - transformers/torch non disponibles
2026-04-22 12:59:00,498 [WARNING] extractor - transformers/torch non disponibles
2026-04-22 12:59:09,331 [WARNING] extractor - transformers/torch non disponibles
2026-04-22 12:59:56,737 [WARNING] extractor - transformers/torch non disponibles
2026-04-22 15:46:20,208 [WARNING] extractor - pdfplumber non disponible
2026-04-22 15:46:20,209 [WARNING] extractor - pdf2image non disponible
2026-04-22 15:46:20,209 [WARNING] extractor - pytesseract/Pillow non disponibles
2026-04-23 15:37:22,375 [WARNING] extractor - pdfplumber non disponible
2026-04-23 15:37:22,375 [WARNING] extractor - pdf2image non disponible
2026-04-23 15:37:22,378 [WARNING] extractor - pytesseract/Pillow non disponibles
2026-04-23 15:38:01,804 [WARNING] extractor - openpyxl non disponible
2026-04-23 15:38:06,184 [WARNING] extractor - pdfplumber non disponible
2026-04-23 15:38:06,184 [WARNING] extractor - pdf2image non disponible
2026-04-23 15:38:06,184 [WARNING] extractor - pytesseract/Pillow non disponibles
2026-04-23 15:38:20,285 [WARNING] extractor - openpyxl non disponible
2026-04-23 16:11:43,735 [WARNING] extractor - pdfplumber non disponible
2026-04-23 16:11:43,737 [WARNING] extractor - pdf2image non disponible
2026-04-23 16:11:43,737 [WARNING] extractor - pytesseract/Pillow non disponibles
2026-04-23 16:12:01,684 [WARNING] extractor - openpyxl non disponible
2026-04-23 16:12:04,518 [WARNING] extractor - pdfplumber non disponible
2026-04-23 16:12:04,519 [WARNING] extractor - pdf2image non disponible
2026-04-23 16:12:04,520 [WARNING] extractor - pytesseract/Pillow non disponibles
2026-04-23 16:12:11,759 [WARNING] extractor - openpyxl non disponible
2026-04-29 11:32:49,315 [INFO] extractor - 📥 Nouveau job : f763b7cb-de6f-4b6d-9fd5-369684d89308 (Bilan-2012.pdf)
2026-04-29 11:32:49,346 [INFO] extractor - 🖥️  Device : CPU
2026-04-29 11:32:49,347 [WARNING] extractor - ⚠️ Erreur chargement : 
AutoImageProcessor requires the Torchvision library but it was not found in your environment. Check out the instructions on the
installation page: https://pytorch.org/get-started/locally/ and follow the ones that match your environment.
Please note that you may need to restart your runtime after installation.

2026-04-29 11:32:49,347 [INFO] extractor - ════════════════════════════════════════════════════════════════════════════════
2026-04-29 11:32:49,348 [INFO] extractor -   🚀 PDF TABLE EXTRACTOR PRO++ v4.0.0 PRODUCTION
2026-04-29 11:32:49,348 [INFO] extractor - ════════════════════════════════════════════════════════════════════════════════
2026-04-29 11:32:50,020 [INFO] extractor - 📄 Type PDF : TEXT (2403 chars/page)
2026-04-29 11:32:50,021 [INFO] extractor - 📝 Stratégie : PDF texte → pdfplumber / camelot
2026-04-29 11:32:54,397 [INFO] extractor - 🧹 Post-processing 39 table(s) — 10 étapes v4.0.0...
2026-04-29 11:32:54,554 [WARNING] extractor - ⚠️ Total 'MONTANT ( + )' : attendu 71451343.92, trouvé 24456573.12 (écart 46994770.80)
2026-04-29 11:32:54,555 [INFO] extractor - 🔎 FIX8 : ⚠️ Total 'MONTANT ( + )' : attendu 71451343.92, trouvé 24456573.12 (écart 46994770.80)
2026-04-29 11:32:54,694 [WARNING] extractor - ⚠️ Total 'MONTANT DEBUT EXERCICE' : attendu 22843291.41, trouvé 2948239.71 (écart 19895051.70)
2026-04-29 11:32:54,695 [WARNING] extractor - ⚠️ Total 'MONTANT FIN EXERCICE' : attendu 19013162.17, trouvé 1962110.47 (écart 17051051.70)
2026-04-29 11:32:54,695 [INFO] extractor - 🔎 FIX8 : ⚠️ Total 'MONTANT DEBUT EXERCICE' : attendu 22843291.41, trouvé 2948239.71 (écart 19895051.70) | ⚠️ Total 'MONTANT FIN EXERCICE' : attendu 19013162.17, trouvé 1962110.47 (écart 17051051.70)
2026-04-29 11:32:55,090 [INFO] extractor - 🎯 Validation qualité...
2026-04-29 11:33:02,107 [INFO] extractor - ════════════════════════════════════════════════════════════════════════════════
2026-04-29 11:33:02,108 [INFO] extractor - ✅ TERMINÉ | 39 tables | 12.8s
2026-04-29 11:33:02,108 [INFO] extractor - 🟢 21 | 🟡 18 | 🔴 0
2026-04-29 11:33:02,108 [INFO] extractor - 🔲 0 avec structure (Q.moy: 0.00)
2026-04-29 11:33:02,108 [INFO] extractor - ════════════════════════════════════════════════════════════════════════════════
2026-04-29 11:33:02,136 [INFO] extractor - ✅ Job f763b7cb-de6f-4b6d-9fd5-369684d89308 terminé
